<?xml version="1.0" encoding="UTF-8"?>
<testng-results ignored="0" total="10" passed="10" failed="0" skipped="0">
  <reporter-output>
  </reporter-output>
  <suite started-at="2024-02-18T15:15:49Z" name="AllTestsSuite" finished-at="2024-02-18T15:16:50Z" duration-ms="60072">
    <groups>
    </groups>
    <test started-at="2024-02-18T15:15:49Z" name="LoginAndCartTests" finished-at="2024-02-18T15:16:50Z" duration-ms="60072">
      <class name="CartTest">
        <test-method is-config="true" signature="setupTest()[pri:0, instance:CartTest@4de4b452]" started-at="2024-02-18T15:16:16Z" name="setupTest" finished-at="2024-02-18T15:16:20Z" duration-ms="3648" status="PASS">
          <reporter-output>
          </reporter-output>
        </test-method> <!-- setupTest -->
        <test-method signature="cartTest1()[pri:0, instance:CartTest@4de4b452]" started-at="2024-02-18T15:16:20Z" name="cartTest1" finished-at="2024-02-18T15:16:22Z" duration-ms="2102" status="PASS">
          <reporter-output>
          </reporter-output>
        </test-method> <!-- cartTest1 -->
        <test-method is-config="true" signature="teardownTest()[pri:0, instance:CartTest@4de4b452]" started-at="2024-02-18T15:16:22Z" name="teardownTest" finished-at="2024-02-18T15:16:23Z" duration-ms="892" status="PASS">
          <reporter-output>
          </reporter-output>
        </test-method> <!-- teardownTest -->
        <test-method is-config="true" signature="setupTest()[pri:0, instance:CartTest@4de4b452]" started-at="2024-02-18T15:16:23Z" name="setupTest" finished-at="2024-02-18T15:16:26Z" duration-ms="3305" status="PASS">
          <reporter-output>
          </reporter-output>
        </test-method> <!-- setupTest -->
        <test-method signature="cartTest2()[pri:0, instance:CartTest@4de4b452]" started-at="2024-02-18T15:16:26Z" name="cartTest2" finished-at="2024-02-18T15:16:29Z" duration-ms="2597" status="PASS">
          <reporter-output>
          </reporter-output>
        </test-method> <!-- cartTest2 -->
        <test-method is-config="true" signature="teardownTest()[pri:0, instance:CartTest@4de4b452]" started-at="2024-02-18T15:16:29Z" name="teardownTest" finished-at="2024-02-18T15:16:30Z" duration-ms="1355" status="PASS">
          <reporter-output>
          </reporter-output>
        </test-method> <!-- teardownTest -->
        <test-method is-config="true" signature="setupTest()[pri:0, instance:CartTest@4de4b452]" started-at="2024-02-18T15:16:30Z" name="setupTest" finished-at="2024-02-18T15:16:33Z" duration-ms="2834" status="PASS">
          <reporter-output>
          </reporter-output>
        </test-method> <!-- setupTest -->
        <test-method signature="cartTest3()[pri:0, instance:CartTest@4de4b452]" started-at="2024-02-18T15:16:33Z" name="cartTest3" finished-at="2024-02-18T15:16:36Z" duration-ms="2481" status="PASS">
          <reporter-output>
          </reporter-output>
        </test-method> <!-- cartTest3 -->
        <test-method is-config="true" signature="teardownTest()[pri:0, instance:CartTest@4de4b452]" started-at="2024-02-18T15:16:36Z" name="teardownTest" finished-at="2024-02-18T15:16:36Z" duration-ms="377" status="PASS">
          <reporter-output>
          </reporter-output>
        </test-method> <!-- teardownTest -->
        <test-method is-config="true" signature="setupTest()[pri:0, instance:CartTest@4de4b452]" started-at="2024-02-18T15:16:36Z" name="setupTest" finished-at="2024-02-18T15:16:40Z" duration-ms="3620" status="PASS">
          <reporter-output>
          </reporter-output>
        </test-method> <!-- setupTest -->
        <test-method signature="cartTest4()[pri:0, instance:CartTest@4de4b452]" started-at="2024-02-18T15:16:40Z" name="cartTest4" finished-at="2024-02-18T15:16:42Z" duration-ms="2541" status="PASS">
          <reporter-output>
          </reporter-output>
        </test-method> <!-- cartTest4 -->
        <test-method is-config="true" signature="teardownTest()[pri:0, instance:CartTest@4de4b452]" started-at="2024-02-18T15:16:42Z" name="teardownTest" finished-at="2024-02-18T15:16:43Z" duration-ms="384" status="PASS">
          <reporter-output>
          </reporter-output>
        </test-method> <!-- teardownTest -->
        <test-method is-config="true" signature="setupTest()[pri:0, instance:CartTest@4de4b452]" started-at="2024-02-18T15:16:43Z" name="setupTest" finished-at="2024-02-18T15:16:46Z" duration-ms="3530" status="PASS">
          <reporter-output>
          </reporter-output>
        </test-method> <!-- setupTest -->
        <test-method signature="cartTest5()[pri:0, instance:CartTest@4de4b452]" started-at="2024-02-18T15:16:46Z" name="cartTest5" finished-at="2024-02-18T15:16:49Z" duration-ms="2821" status="PASS">
          <reporter-output>
          </reporter-output>
        </test-method> <!-- cartTest5 -->
        <test-method is-config="true" signature="teardownTest()[pri:0, instance:CartTest@4de4b452]" started-at="2024-02-18T15:16:49Z" name="teardownTest" finished-at="2024-02-18T15:16:49Z" duration-ms="517" status="PASS">
          <reporter-output>
          </reporter-output>
        </test-method> <!-- teardownTest -->
      </class> <!-- CartTest -->
      <class name="LoginTest">
        <test-method is-config="true" signature="setupTest()[pri:0, instance:LoginTest@33990a0c]" started-at="2024-02-18T15:15:49Z" name="setupTest" finished-at="2024-02-18T15:15:54Z" duration-ms="4144" status="PASS">
          <reporter-output>
          </reporter-output>
        </test-method> <!-- setupTest -->
        <test-method signature="loginTest1()[pri:0, instance:LoginTest@33990a0c]" started-at="2024-02-18T15:15:54Z" name="loginTest1" finished-at="2024-02-18T15:15:55Z" duration-ms="788" status="PASS">
          <reporter-output>
          </reporter-output>
        </test-method> <!-- loginTest1 -->
        <test-method is-config="true" signature="teardownTest()[pri:0, instance:LoginTest@33990a0c]" started-at="2024-02-18T15:15:55Z" name="teardownTest" finished-at="2024-02-18T15:15:56Z" duration-ms="1526" status="PASS">
          <reporter-output>
          </reporter-output>
        </test-method> <!-- teardownTest -->
        <test-method is-config="true" signature="setupTest()[pri:0, instance:LoginTest@33990a0c]" started-at="2024-02-18T15:15:56Z" name="setupTest" finished-at="2024-02-18T15:15:59Z" duration-ms="2992" status="PASS">
          <reporter-output>
          </reporter-output>
        </test-method> <!-- setupTest -->
        <test-method signature="loginTest2()[pri:0, instance:LoginTest@33990a0c]" started-at="2024-02-18T15:15:59Z" name="loginTest2" finished-at="2024-02-18T15:16:00Z" duration-ms="1006" status="PASS">
          <reporter-output>
          </reporter-output>
        </test-method> <!-- loginTest2 -->
        <test-method is-config="true" signature="teardownTest()[pri:0, instance:LoginTest@33990a0c]" started-at="2024-02-18T15:16:00Z" name="teardownTest" finished-at="2024-02-18T15:16:02Z" duration-ms="1269" status="PASS">
          <reporter-output>
          </reporter-output>
        </test-method> <!-- teardownTest -->
        <test-method is-config="true" signature="setupTest()[pri:0, instance:LoginTest@33990a0c]" started-at="2024-02-18T15:16:02Z" name="setupTest" finished-at="2024-02-18T15:16:04Z" duration-ms="2605" status="PASS">
          <reporter-output>
          </reporter-output>
        </test-method> <!-- setupTest -->
        <test-method signature="loginTest3()[pri:0, instance:LoginTest@33990a0c]" started-at="2024-02-18T15:16:04Z" name="loginTest3" finished-at="2024-02-18T15:16:05Z" duration-ms="899" status="PASS">
          <reporter-output>
          </reporter-output>
        </test-method> <!-- loginTest3 -->
        <test-method is-config="true" signature="teardownTest()[pri:0, instance:LoginTest@33990a0c]" started-at="2024-02-18T15:16:05Z" name="teardownTest" finished-at="2024-02-18T15:16:06Z" duration-ms="1362" status="PASS">
          <reporter-output>
          </reporter-output>
        </test-method> <!-- teardownTest -->
        <test-method is-config="true" signature="setupTest()[pri:0, instance:LoginTest@33990a0c]" started-at="2024-02-18T15:16:06Z" name="setupTest" finished-at="2024-02-18T15:16:09Z" duration-ms="2925" status="PASS">
          <reporter-output>
          </reporter-output>
        </test-method> <!-- setupTest -->
        <test-method signature="loginTest4()[pri:0, instance:LoginTest@33990a0c]" started-at="2024-02-18T15:16:09Z" name="loginTest4" finished-at="2024-02-18T15:16:10Z" duration-ms="1096" status="PASS">
          <reporter-output>
          </reporter-output>
        </test-method> <!-- loginTest4 -->
        <test-method is-config="true" signature="teardownTest()[pri:0, instance:LoginTest@33990a0c]" started-at="2024-02-18T15:16:10Z" name="teardownTest" finished-at="2024-02-18T15:16:12Z" duration-ms="1375" status="PASS">
          <reporter-output>
          </reporter-output>
        </test-method> <!-- teardownTest -->
        <test-method is-config="true" signature="setupTest()[pri:0, instance:LoginTest@33990a0c]" started-at="2024-02-18T15:16:12Z" name="setupTest" finished-at="2024-02-18T15:16:15Z" duration-ms="2978" status="PASS">
          <reporter-output>
          </reporter-output>
        </test-method> <!-- setupTest -->
        <test-method signature="loginTest5()[pri:0, instance:LoginTest@33990a0c]" started-at="2024-02-18T15:16:15Z" name="loginTest5" finished-at="2024-02-18T15:16:16Z" duration-ms="1132" status="PASS">
          <reporter-output>
          </reporter-output>
        </test-method> <!-- loginTest5 -->
        <test-method is-config="true" signature="teardownTest()[pri:0, instance:LoginTest@33990a0c]" started-at="2024-02-18T15:16:16Z" name="teardownTest" finished-at="2024-02-18T15:16:16Z" duration-ms="437" status="PASS">
          <reporter-output>
          </reporter-output>
        </test-method> <!-- teardownTest -->
      </class> <!-- LoginTest -->
    </test> <!-- LoginAndCartTests -->
  </suite> <!-- AllTestsSuite -->
</testng-results>
