<?xml version="1.0" encoding="UTF-8"?>
<!-- Generated by org.testng.reporters.JUnitXMLReporter -->
<testsuite ignored="0" hostname="DESKTOP-F3ACHB2" failures="0" tests="10" name="LoginAndCartTests" time="60.072" errors="0" timestamp="18 Feb 2024 15:16:50 GMT">
  <testcase classname="LoginTest" name="loginTest1" time="0.788"/>
  <testcase classname="LoginTest" name="loginTest2" time="1.006"/>
  <testcase classname="LoginTest" name="loginTest3" time="0.899"/>
  <testcase classname="LoginTest" name="loginTest4" time="1.096"/>
  <testcase classname="LoginTest" name="loginTest5" time="1.132"/>
  <testcase classname="CartTest" name="cartTest1" time="2.102"/>
  <testcase classname="CartTest" name="cartTest2" time="2.597"/>
  <testcase classname="CartTest" name="cartTest3" time="2.481"/>
  <testcase classname="CartTest" name="cartTest4" time="2.541"/>
  <testcase classname="CartTest" name="cartTest5" time="2.821"/>
</testsuite> <!-- LoginAndCartTests -->
